<?xml version="1.0" encoding="UTF-8"?>
<!-- Generated by org.testng.reporters.JUnitXMLReporter -->
<testsuite hostname="z1xd7creprdn178" ignored="0" name="Surefire test" tests="8" failures="7" timestamp="09 Jun 2023 09:37:26 GMT" time="1700.59" errors="0">
  <testcase name="HomePage_PreLogin_Desktop" time="129.735" classname="testscripts.Israel">
    <failure type="java.lang.AssertionError" message="Applitools Validation">
      <![CDATA[java.lang.AssertionError: Applitools Validation
at com.cognizant.craft.CRAFTTestCase.tearDownTestRunner(CRAFTTestCase.java:115)
at testscripts.Israel.HomePage_PreLogin_Desktop(Israel.java:42)
... Removed 31 stack frames]]>
    </failure>
  </testcase> <!-- HomePage_PreLogin_Desktop -->
  <testcase name="HomePage_PostLogin_Desktop" time="304.904" classname="testscripts.Israel">
    <failure type="java.lang.AssertionError" message="Applitools Validation">
      <![CDATA[java.lang.AssertionError: Applitools Validation
at com.cognizant.craft.CRAFTTestCase.tearDownTestRunner(CRAFTTestCase.java:115)
at testscripts.Israel.HomePage_PostLogin_Desktop(Israel.java:51)
... Removed 31 stack frames]]>
    </failure>
  </testcase> <!-- HomePage_PostLogin_Desktop -->
  <testcase name="Therapy_Oncology" time="124.212" classname="testscripts.Israel">
    <failure type="java.lang.AssertionError" message="Verify Navigation List Exist ; Error">
      <![CDATA[java.lang.AssertionError: Verify Navigation List Exist ; Error
at com.cognizant.craft.CRAFTTestCase.tearDownTestRunner(CRAFTTestCase.java:115)
at testscripts.Israel.Therapy_Oncology(Israel.java:60)
... Removed 31 stack frames]]>
    </failure>
  </testcase> <!-- Therapy_Oncology -->
  <testcase name="ContentLibrary_Desktop" time="127.838" classname="testscripts.Israel">
    <failure type="java.lang.AssertionError" message="Applitools Validation">
      <![CDATA[java.lang.AssertionError: Applitools Validation
at com.cognizant.craft.CRAFTTestCase.tearDownTestRunner(CRAFTTestCase.java:115)
at testscripts.Israel.ContentLibrary_Desktop(Israel.java:69)
... Removed 31 stack frames]]>
    </failure>
  </testcase> <!-- ContentLibrary_Desktop -->
  <testcase name="EventsLandingPage_Validation" time="60.556" classname="testscripts.Israel">
    <failure type="java.lang.AssertionError" message="Applitools Validation">
      <![CDATA[java.lang.AssertionError: Applitools Validation
at com.cognizant.craft.CRAFTTestCase.tearDownTestRunner(CRAFTTestCase.java:115)
at testscripts.Israel.EventsLandingPage_Validation(Israel.java:78)
... Removed 31 stack frames]]>
    </failure>
  </testcase> <!-- EventsLandingPage_Validation -->
  <testcase name="Trodelvy_Desktop" time="465.174" classname="testscripts.Israel">
    <failure type="java.lang.AssertionError" message="Verify Navigation List Exist ; Applitools Validation">
      <![CDATA[java.lang.AssertionError: Verify Navigation List Exist ; Applitools Validation
at com.cognizant.craft.CRAFTTestCase.tearDownTestRunner(CRAFTTestCase.java:115)
at testscripts.Israel.Trodelvy_Desktop(Israel.java:88)
... Removed 31 stack frames]]>
    </failure>
  </testcase> <!-- Trodelvy_Desktop -->
  <testcase name="CIAM_Registration_Field_Validation" time="363.9" classname="testscripts.Israel"/>
  <testcase name="CIAM_Login_SelfServiceFuctionality_Validation" time="123.902" classname="testscripts.Israel">
    <failure type="java.lang.AssertionError" message="Error">
      <![CDATA[java.lang.AssertionError: Error
at com.cognizant.craft.CRAFTTestCase.tearDownTestRunner(CRAFTTestCase.java:115)
at testscripts.Israel.CIAM_Login_SelfServiceFuctionality_Validation(Israel.java:106)
... Removed 31 stack frames]]>
    </failure>
  </testcase> <!-- CIAM_Login_SelfServiceFuctionality_Validation -->
</testsuite> <!-- Surefire test -->
