<?xml version="1.0" encoding="UTF-8"?>
<!-- Generated by org.testng.reporters.JUnitXMLReporter -->
<testsuite ignored="0" hostname="sjxd7STAprdn845" failures="1" tests="1" name="Test for Login Scenario" time="30.295" errors="0" timestamp="2023-03-26T23:21:34 IST">
  <testcase classname="testscripts.Search" name="searchByFilter" time="30.236">
    <failure type="java.lang.AssertionError" message="Error - Result rows link is not found in the page: &amp;quot;Search page&amp;quot; even after waiting for 20 Seconds">
      <![CDATA[java.lang.AssertionError: Error - Result rows link is not found in the page: "Search page" even after waiting for 20 Seconds
at com.cognizant.craft.CRAFTTestCase.tearDownTestRunner(CRAFTTestCase.java:115)
at testscripts.Search.searchByFilter(Search.java:19)
at java.base/java.util.concurrent.ThreadPoolExecutor.runWorker(ThreadPoolExecutor.java:1136)
at java.base/java.util.concurrent.ThreadPoolExecutor$Worker.run(ThreadPoolExecutor.java:635)
at java.base/java.lang.Thread.run(Thread.java:833)
... Removed 13 stack frames]]>
    </failure>
  </testcase> <!-- searchByFilter -->
</testsuite> <!-- Test for Login Scenario -->
