<!DOCTYPE html PUBLIC "-//W3C//DTD XHTML 1.1//EN" "http://www.w3.org/TR/xhtml11/DTD/xhtml11.dtd">
<html xmlns="http://www.w3.org/1999/xhtml">
<head>
<meta http-equiv="content-type" content="text/html; charset=UTF-8"/>
<title>TestNG Report</title>
<style type="text/css">table {margin-bottom:10px;border-collapse:collapse;empty-cells:show}th,td {border:1px solid #009;padding:.25em .5em}th {vertical-align:bottom}td {vertical-align:top}table a {font-weight:bold}.stripe td {background-color: #E6EBF9}.num {text-align:right}.passedodd td {background-color: #3F3}.passedeven td {background-color: #0A0}.skippedodd td {background-color: #DDD}.skippedeven td {background-color: #CCC}.failedodd td,.attn {background-color: #F33}.failedeven td,.stripe .attn {background-color: #D00}.stacktrace {white-space:pre;font-family:monospace}.totop {font-size:85%;text-align:center;border-bottom:2px solid #000}.invisible {display:none}</style>
</head>
<body>
<table>
<tr><th>Test</th><th># Passed</th><th># Skipped</th><th># Failed</th><th>Time (ms)</th><th>Included Groups</th><th>Excluded Groups</th></tr>
<tr><th colspan="7">Surefire suite</th></tr>
<tr><td><a href="#t0">Surefire test</a></td><td class="num">1</td><td class="num">0</td><td class="num attn">7</td><td class="num">1,700,590</td><td></td><td></td></tr>
</table>
<table id='summary'><thead><tr><th>Class</th><th>Method</th><th>Start</th><th>Time (ms)</th></tr></thead><tbody><tr><th colspan="4">Surefire suite</th></tr></tbody><tbody id="t0"><tr><th colspan="4">Surefire test &#8212; failed</th></tr><tr class="failedeven"><td rowspan="7">testscripts.Israel</td><td><a href="#m0">CIAM_Login_SelfServiceFuctionality_Validation</a></td><td rowspan="1">1686303322079</td><td rowspan="1">123902</td></tr><tr class="failedeven"><td><a href="#m1">ContentLibrary_Desktop</a></td><td rowspan="1">1686302304605</td><td rowspan="1">127838</td></tr><tr class="failedeven"><td><a href="#m2">EventsLandingPage_Validation</a></td><td rowspan="1">1686302432445</td><td rowspan="1">60556</td></tr><tr class="failedeven"><td><a href="#m3">HomePage_PostLogin_Desktop</a></td><td rowspan="1">1686301875484</td><td rowspan="1">304904</td></tr><tr class="failedeven"><td><a href="#m4">HomePage_PreLogin_Desktop</a></td><td rowspan="1">1686301745703</td><td rowspan="1">129735</td></tr><tr class="failedeven"><td><a href="#m5">Therapy_Oncology</a></td><td rowspan="1">1686302180391</td><td rowspan="1">124212</td></tr><tr class="failedeven"><td><a href="#m6">Trodelvy_Desktop</a></td><td rowspan="1">1686302493003</td><td rowspan="1">465174</td></tr><tr><th colspan="4">Surefire test &#8212; passed</th></tr><tr class="passedeven"><td rowspan="1">testscripts.Israel</td><td><a href="#m7">CIAM_Registration_Field_Validation</a></td><td rowspan="1">1686302958179</td><td rowspan="1">363900</td></tr></tbody>
</table>
<h2>Surefire test</h2><h3 id="m0">testscripts.Israel#CIAM_Login_SelfServiceFuctionality_Validation</h3><table class="result"><tr class="param"><th>Parameter #1</th></tr><tr class="param stripe"><td>com.cognizant.framework.selenium.SeleniumTestParameters@51180d</td></tr><tr><th>Exception</th></tr><tr><td><div class="stacktrace">java.lang.AssertionError: Error
	at com.cognizant.craft.CRAFTTestCase.tearDownTestRunner(CRAFTTestCase.java:115)
	at testscripts.Israel.CIAM_Login_SelfServiceFuctionality_Validation(Israel.java:106)
... Removed 31 stack frames</div></td></tr></table><p class="totop"><a href="#summary">back to summary</a></p>
<h3 id="m1">testscripts.Israel#ContentLibrary_Desktop</h3><table class="result"><tr class="param"><th>Parameter #1</th></tr><tr class="param stripe"><td>com.cognizant.framework.selenium.SeleniumTestParameters@90ba07</td></tr><tr><th>Exception</th></tr><tr><td><div class="stacktrace">java.lang.AssertionError: Applitools Validation
	at com.cognizant.craft.CRAFTTestCase.tearDownTestRunner(CRAFTTestCase.java:115)
	at testscripts.Israel.ContentLibrary_Desktop(Israel.java:69)
... Removed 31 stack frames</div></td></tr></table><p class="totop"><a href="#summary">back to summary</a></p>
<h3 id="m2">testscripts.Israel#EventsLandingPage_Validation</h3><table class="result"><tr class="param"><th>Parameter #1</th></tr><tr class="param stripe"><td>com.cognizant.framework.selenium.SeleniumTestParameters@1e0c179</td></tr><tr><th>Exception</th></tr><tr><td><div class="stacktrace">java.lang.AssertionError: Applitools Validation
	at com.cognizant.craft.CRAFTTestCase.tearDownTestRunner(CRAFTTestCase.java:115)
	at testscripts.Israel.EventsLandingPage_Validation(Israel.java:78)
... Removed 31 stack frames</div></td></tr></table><p class="totop"><a href="#summary">back to summary</a></p>
<h3 id="m3">testscripts.Israel#HomePage_PostLogin_Desktop</h3><table class="result"><tr class="param"><th>Parameter #1</th></tr><tr class="param stripe"><td>com.cognizant.framework.selenium.SeleniumTestParameters@3f50e3</td></tr><tr><th>Exception</th></tr><tr><td><div class="stacktrace">java.lang.AssertionError: Applitools Validation
	at com.cognizant.craft.CRAFTTestCase.tearDownTestRunner(CRAFTTestCase.java:115)
	at testscripts.Israel.HomePage_PostLogin_Desktop(Israel.java:51)
... Removed 31 stack frames</div></td></tr></table><p class="totop"><a href="#summary">back to summary</a></p>
<h3 id="m4">testscripts.Israel#HomePage_PreLogin_Desktop</h3><table class="result"><tr class="param"><th>Parameter #1</th></tr><tr class="param stripe"><td>com.cognizant.framework.selenium.SeleniumTestParameters@1b204a1</td></tr><tr><th>Exception</th></tr><tr><td><div class="stacktrace">java.lang.AssertionError: Applitools Validation
	at com.cognizant.craft.CRAFTTestCase.tearDownTestRunner(CRAFTTestCase.java:115)
	at testscripts.Israel.HomePage_PreLogin_Desktop(Israel.java:42)
... Removed 31 stack frames</div></td></tr></table><p class="totop"><a href="#summary">back to summary</a></p>
<h3 id="m5">testscripts.Israel#Therapy_Oncology</h3><table class="result"><tr class="param"><th>Parameter #1</th></tr><tr class="param stripe"><td>com.cognizant.framework.selenium.SeleniumTestParameters@11e5514</td></tr><tr><th>Exception</th></tr><tr><td><div class="stacktrace">java.lang.AssertionError: Verify Navigation List Exist ; Error
	at com.cognizant.craft.CRAFTTestCase.tearDownTestRunner(CRAFTTestCase.java:115)
	at testscripts.Israel.Therapy_Oncology(Israel.java:60)
... Removed 31 stack frames</div></td></tr></table><p class="totop"><a href="#summary">back to summary</a></p>
<h3 id="m6">testscripts.Israel#Trodelvy_Desktop</h3><table class="result"><tr class="param"><th>Parameter #1</th></tr><tr class="param stripe"><td>com.cognizant.framework.selenium.SeleniumTestParameters@1920fb0</td></tr><tr><th>Exception</th></tr><tr><td><div class="stacktrace">java.lang.AssertionError: Verify Navigation List Exist ; Applitools Validation
	at com.cognizant.craft.CRAFTTestCase.tearDownTestRunner(CRAFTTestCase.java:115)
	at testscripts.Israel.Trodelvy_Desktop(Israel.java:88)
... Removed 31 stack frames</div></td></tr></table><p class="totop"><a href="#summary">back to summary</a></p>
<h3 id="m7">testscripts.Israel#CIAM_Registration_Field_Validation</h3><table class="result"><tr class="param"><th>Parameter #1</th></tr><tr class="param stripe"><td>com.cognizant.framework.selenium.SeleniumTestParameters@dd0fd7</td></tr></table><p class="totop"><a href="#summary">back to summary</a></p>
</body>
</html>
