-------------------------------------------------------------------------------
Test set: testscripts.Israel
-------------------------------------------------------------------------------
Tests run: 8, Failures: 7, Errors: 0, Skipped: 0, Time elapsed: 1,715.274 s <<< FAILURE! - in testscripts.Israel
testscripts.Israel.HomePage_PreLogin_Desktop[com.cognizant.framework.selenium.SeleniumTestParameters@1b204a1](1)  Time elapsed: 129.746 s  <<< FAILURE!
java.lang.AssertionError: Applitools Validation
	at testscripts.Israel.HomePage_PreLogin_Desktop(Israel.java:42)

testscripts.Israel.HomePage_PostLogin_Desktop[com.cognizant.framework.selenium.SeleniumTestParameters@3f50e3](1)  Time elapsed: 304.906 s  <<< FAILURE!
java.lang.AssertionError: Applitools Validation
	at testscripts.Israel.HomePage_PostLogin_Desktop(Israel.java:51)

testscripts.Israel.Therapy_Oncology[com.cognizant.framework.selenium.SeleniumTestParameters@11e5514](1)  Time elapsed: 124.212 s  <<< FAILURE!
java.lang.AssertionError: Verify Navigation List Exist ; Error
	at testscripts.Israel.Therapy_Oncology(Israel.java:60)

testscripts.Israel.ContentLibrary_Desktop[com.cognizant.framework.selenium.SeleniumTestParameters@90ba07](1)  Time elapsed: 127.839 s  <<< FAILURE!
java.lang.AssertionError: Applitools Validation
	at testscripts.Israel.ContentLibrary_Desktop(Israel.java:69)

testscripts.Israel.EventsLandingPage_Validation[com.cognizant.framework.selenium.SeleniumTestParameters@1e0c179](1)  Time elapsed: 60.559 s  <<< FAILURE!
java.lang.AssertionError: Applitools Validation
	at testscripts.Israel.EventsLandingPage_Validation(Israel.java:78)

testscripts.Israel.Trodelvy_Desktop[com.cognizant.framework.selenium.SeleniumTestParameters@1920fb0](1)  Time elapsed: 465.174 s  <<< FAILURE!
java.lang.AssertionError: Verify Navigation List Exist ; Applitools Validation
	at testscripts.Israel.Trodelvy_Desktop(Israel.java:88)

testscripts.Israel.CIAM_Login_SelfServiceFuctionality_Validation[com.cognizant.framework.selenium.SeleniumTestParameters@51180d](1)  Time elapsed: 123.902 s  <<< FAILURE!
java.lang.AssertionError: Error
	at testscripts.Israel.CIAM_Login_SelfServiceFuctionality_Validation(Israel.java:106)

