<?xml version="1.0" encoding="UTF-8"?>
<!-- Generated by org.testng.reporters.JUnitXMLReporter -->
<testsuite hostname="sjxd7STAprdn126" ignored="4" name="Test for Mobile" tests="4" failures="4" timestamp="2023-08-14T18:00:34 IST" time="61.204" errors="0">
  <testcase name="tC_Contract_E2E" time="59.809" classname="testscripts.Contract">
    <failure type="java.lang.AssertionError" message="Error">
      <![CDATA[java.lang.AssertionError: Error
at com.cognizant.craft.CRAFTTestCase.tearDownTestRunner(CRAFTTestCase.java:115)
at testscripts.Contract.tC_Contract_E2E(Contract.java:20)
at java.util.concurrent.ThreadPoolExecutor.runWorker(Unknown Source)
at java.util.concurrent.ThreadPoolExecutor$Worker.run(Unknown Source)
at java.lang.Thread.run(Unknown Source)
... Removed 13 stack frames]]>
    </failure>
  </testcase> <!-- tC_Contract_E2E -->
  <testcase name="tC_MedicaidETEProcessFlow" time="59.839" classname="testscripts.Medicaid">
    <failure type="java.lang.AssertionError" message="Error">
      <![CDATA[java.lang.AssertionError: Error
at com.cognizant.craft.CRAFTTestCase.tearDownTestRunner(CRAFTTestCase.java:115)
at testscripts.Medicaid.tC_MedicaidETEProcessFlow(Medicaid.java:20)
at java.util.concurrent.ThreadPoolExecutor.runWorker(Unknown Source)
at java.util.concurrent.ThreadPoolExecutor$Worker.run(Unknown Source)
at java.lang.Thread.run(Unknown Source)
... Removed 13 stack frames]]>
    </failure>
  </testcase> <!-- tC_MedicaidETEProcessFlow -->
  <testcase name="tC_GPETEFlowForAMPPriceType" time="59.994" classname="testscripts.ModelNAutomationscripts">
    <failure type="java.lang.AssertionError" message="Error">
      <![CDATA[java.lang.AssertionError: Error
at com.cognizant.craft.CRAFTTestCase.tearDownTestRunner(CRAFTTestCase.java:115)
at testscripts.ModelNAutomationscripts.tC_GPETEFlowForAMPPriceType(ModelNAutomationscripts.java:28)
at java.util.concurrent.ThreadPoolExecutor.runWorker(Unknown Source)
at java.util.concurrent.ThreadPoolExecutor$Worker.run(Unknown Source)
at java.lang.Thread.run(Unknown Source)
... Removed 13 stack frames]]>
    </failure>
  </testcase> <!-- tC_GPETEFlowForAMPPriceType -->
  <testcase name="tC_Medicaid_URM009_URM004" time="60.859" classname="testscripts.ModelNAutomationscripts">
    <failure type="java.lang.AssertionError" message="Error">
      <![CDATA[java.lang.AssertionError: Error
at com.cognizant.craft.CRAFTTestCase.tearDownTestRunner(CRAFTTestCase.java:115)
at testscripts.ModelNAutomationscripts.tC_Medicaid_URM009_URM004(ModelNAutomationscripts.java:20)
at java.util.concurrent.ThreadPoolExecutor.runWorker(Unknown Source)
at java.util.concurrent.ThreadPoolExecutor$Worker.run(Unknown Source)
at java.lang.Thread.run(Unknown Source)
... Removed 13 stack frames]]>
    </failure>
  </testcase> <!-- tC_Medicaid_URM009_URM004 -->
  <testcase name="@AfterSuite tearDownTestSuite" time="0.0" classname="com.cognizant.craft.CRAFTTestCase">
    <ignored/>
  </testcase> <!-- @AfterSuite tearDownTestSuite -->
  <testcase name="@AfterSuite tearDownTestSuite" time="0.0" classname="com.cognizant.craft.CRAFTTestCase">
    <ignored/>
  </testcase> <!-- @AfterSuite tearDownTestSuite -->
  <testcase name="@BeforeSuite setUpTestSuite" time="0.0" classname="com.cognizant.craft.CRAFTTestCase">
    <ignored/>
  </testcase> <!-- @BeforeSuite setUpTestSuite -->
  <testcase name="@BeforeSuite setUpTestSuite" time="0.0" classname="com.cognizant.craft.CRAFTTestCase">
    <ignored/>
  </testcase> <!-- @BeforeSuite setUpTestSuite -->
</testsuite> <!-- Test for Mobile -->
